2025-07-10 11:37:16 [main] INFO  g.nic.webapp.ChatBotApplicationTests - Starting ChatBotApplicationTests using Java 17.0.13 with PID 14520 (started by user1 in F:\Java17_Project\ChatBot)
2025-07-10 11:37:16 [main] INFO  g.nic.webapp.ChatBotApplicationTests - No active profile set, falling back to 1 default profile: "default"
2025-07-10 11:37:18 [main] INFO  o.s.d.r.c.RepositoryConfigurationDelegate - Bootstrapping Spring Data JDBC repositories in DEFAULT mode.
2025-07-10 11:37:18 [main] INFO  o.s.d.r.c.RepositoryConfigurationDelegate - Finished Spring Data repository scanning in 14 ms. Found 0 JDBC repository interfaces.
2025-07-10 11:37:20 [main] INFO  o.s.v.b.OptionalValidatorFactoryBean - Failed to set up a Bean Validation provider: jakarta.validation.NoProviderFoundException: Unable to create a Configuration, because no Jakarta Bean Validation provider could be found. Add a provider like Hibernate Validator (RI) to your classpath.
2025-07-10 11:37:20 [main] INFO  com.zaxxer.hikari.HikariDataSource - HikariPool-1 - Starting...
2025-07-10 11:37:20 [main] WARN  c.z.hikari.util.DriverDataSource - Registered driver with driverClassName=oracle.jdbc.driver.OracleDriver was not found, trying direct instantiation.
2025-07-10 11:37:21 [main] INFO  com.zaxxer.hikari.pool.PoolBase - HikariPool-1 - Driver does not support get/set network timeout for connections. (Receiver class oracle.jdbc.driver.T4CConnection does not define or inherit an implementation of the resolved method 'abstract int getNetworkTimeout()' of interface java.sql.Connection.)
2025-07-10 11:37:21 [main] INFO  com.zaxxer.hikari.pool.HikariPool - HikariPool-1 - Added connection oracle.jdbc.driver.T4CConnection@408d945b
2025-07-10 11:37:21 [main] INFO  com.zaxxer.hikari.HikariDataSource - HikariPool-1 - Start completed.
2025-07-10 11:37:21 [main] INFO  o.s.b.a.e.web.EndpointLinksResolver - Exposing 5 endpoints beneath base path '/actuator'
2025-07-10 11:37:21 [main] INFO  g.nic.webapp.ChatBotApplicationTests - Started ChatBotApplicationTests in 5.753 seconds (process running for 7.404)
2025-07-10 11:37:23 [SpringApplicationShutdownHook] INFO  com.zaxxer.hikari.HikariDataSource - HikariPool-1 - Shutdown initiated...
2025-07-10 11:37:23 [SpringApplicationShutdownHook] INFO  com.zaxxer.hikari.HikariDataSource - HikariPool-1 - Shutdown completed.
2025-07-10 11:39:26 [restartedMain] INFO  gov.nic.webapp.ChatBotApplication - Starting ChatBotApplication using Java 17.0.13 with PID 13596 (F:\Java17_Project\ChatBot\target\classes started by user1 in F:\Java17_Project\ChatBot)
2025-07-10 11:39:26 [restartedMain] INFO  gov.nic.webapp.ChatBotApplication - No active profile set, falling back to 1 default profile: "default"
2025-07-10 11:39:26 [restartedMain] INFO  o.s.b.d.e.DevToolsPropertyDefaultsPostProcessor - Devtools property defaults active! Set 'spring.devtools.add-properties' to 'false' to disable
2025-07-10 11:39:26 [restartedMain] INFO  o.s.b.d.e.DevToolsPropertyDefaultsPostProcessor - For additional web related logging consider setting the 'logging.level.web' property to 'DEBUG'
2025-07-10 11:39:27 [restartedMain] INFO  o.s.d.r.c.RepositoryConfigurationDelegate - Bootstrapping Spring Data JDBC repositories in DEFAULT mode.
2025-07-10 11:39:27 [restartedMain] INFO  o.s.d.r.c.RepositoryConfigurationDelegate - Finished Spring Data repository scanning in 9 ms. Found 0 JDBC repository interfaces.
2025-07-10 11:39:27 [restartedMain] INFO  o.s.b.w.e.tomcat.TomcatWebServer - Tomcat initialized with port 8080 (http)
2025-07-10 11:39:27 [restartedMain] INFO  o.a.catalina.core.StandardService - Starting service [Tomcat]
2025-07-10 11:39:27 [restartedMain] INFO  o.a.catalina.core.StandardEngine - Starting Servlet engine: [Apache Tomcat/10.1.42]
2025-07-10 11:39:27 [restartedMain] INFO  o.a.c.c.C.[.[localhost].[/ChatBot] - Initializing Spring embedded WebApplicationContext
2025-07-10 11:39:27 [restartedMain] INFO  o.s.b.w.s.c.ServletWebServerApplicationContext - Root WebApplicationContext: initialization completed in 1574 ms
2025-07-10 11:39:28 [restartedMain] INFO  o.s.v.b.OptionalValidatorFactoryBean - Failed to set up a Bean Validation provider: jakarta.validation.NoProviderFoundException: Unable to create a Configuration, because no Jakarta Bean Validation provider could be found. Add a provider like Hibernate Validator (RI) to your classpath.
2025-07-10 11:39:28 [restartedMain] INFO  com.zaxxer.hikari.HikariDataSource - HikariPool-1 - Starting...
2025-07-10 11:39:28 [restartedMain] WARN  c.z.hikari.util.DriverDataSource - Registered driver with driverClassName=oracle.jdbc.driver.OracleDriver was not found, trying direct instantiation.
2025-07-10 11:39:28 [restartedMain] INFO  com.zaxxer.hikari.pool.PoolBase - HikariPool-1 - Driver does not support get/set network timeout for connections. (Receiver class oracle.jdbc.driver.T4CConnection does not define or inherit an implementation of the resolved method 'abstract int getNetworkTimeout()' of interface java.sql.Connection.)
2025-07-10 11:39:28 [restartedMain] INFO  com.zaxxer.hikari.pool.HikariPool - HikariPool-1 - Added connection oracle.jdbc.driver.T4CConnection@120b62ef
2025-07-10 11:39:28 [restartedMain] INFO  com.zaxxer.hikari.HikariDataSource - HikariPool-1 - Start completed.
2025-07-10 11:39:28 [restartedMain] INFO  o.s.b.d.a.OptionalLiveReloadServer - LiveReload server is running on port 35729
2025-07-10 11:39:28 [restartedMain] INFO  o.s.b.a.e.web.EndpointLinksResolver - Exposing 6 endpoints beneath base path '/actuator'
2025-07-10 11:39:29 [restartedMain] INFO  o.s.b.w.e.tomcat.TomcatWebServer - Tomcat started on port 8080 (http) with context path '/ChatBot'
2025-07-10 11:39:29 [restartedMain] INFO  gov.nic.webapp.ChatBotApplication - Started ChatBotApplication in 3.503 seconds (process running for 4.217)
2025-07-10 11:39:29 [RMI TCP Connection(4)-127.0.0.1] INFO  o.a.c.c.C.[.[localhost].[/ChatBot] - Initializing Spring DispatcherServlet 'dispatcherServlet'
2025-07-10 11:39:29 [RMI TCP Connection(4)-127.0.0.1] INFO  o.s.web.servlet.DispatcherServlet - Initializing Servlet 'dispatcherServlet'
2025-07-10 11:39:29 [RMI TCP Connection(4)-127.0.0.1] INFO  o.s.web.servlet.DispatcherServlet - Completed initialization in 2 ms
2025-07-10 11:40:49 [http-nio-8080-exec-1] INFO  gov.nic.filter.ApiKeyFilter - Request URI: /ChatBot/api/gst/getDealerDetails | Params: gstin=[19CCKPP9165R1ZA]
2025-07-10 11:40:49 [http-nio-8080-exec-1] INFO  gov.nic.service.IpLogService - Enter into logIp() method:-- 
2025-07-10 11:40:49 [http-nio-8080-exec-1] INFO  gov.nic.service.IpLogService - Exit from logIp() method:--
2025-07-10 11:40:49 [http-nio-8080-exec-1] INFO  gov.nic.controller.GstinController - Received  GSTIN request: 19CCKPP9165R1ZA
2025-07-10 11:40:49 [http-nio-8080-exec-1] INFO  gov.nic.service.GstServiceImpl - Invoking getGstDet for GSTIN: 19CCKPP9165R1ZA
2025-07-10 11:40:49 [ForkJoinPool.commonPool-worker-1] INFO  g.nic.repository.GstRepositoryImpl - Enter getGstDet() method with GSTIN: 19CCKPP9165R1ZA
2025-07-10 11:42:11 [RMI TCP Connection(8)-127.0.0.1] INFO  o.s.b.a.SpringApplicationAdminMXBeanRegistrar$SpringApplicationAdmin - Application shutdown requested.
2025-07-10 11:42:11 [RMI TCP Connection(8)-127.0.0.1] INFO  o.s.b.w.e.tomcat.GracefulShutdown - Commencing graceful shutdown. Waiting for active requests to complete
2025-07-10 11:42:11 [tomcat-shutdown] INFO  o.s.b.w.e.tomcat.GracefulShutdown - Graceful shutdown complete
2025-07-10 11:42:11 [RMI TCP Connection(8)-127.0.0.1] INFO  com.zaxxer.hikari.HikariDataSource - HikariPool-1 - Shutdown initiated...
2025-07-10 11:42:11 [RMI TCP Connection(8)-127.0.0.1] INFO  com.zaxxer.hikari.HikariDataSource - HikariPool-1 - Shutdown completed.
2025-07-10 11:42:42 [main] INFO  g.nic.webapp.ChatBotApplicationTests - Starting ChatBotApplicationTests using Java 17.0.13 with PID 6668 (started by user1 in F:\Java17_Project\ChatBot)
2025-07-10 11:42:42 [main] INFO  g.nic.webapp.ChatBotApplicationTests - No active profile set, falling back to 1 default profile: "default"
2025-07-10 11:42:44 [main] INFO  o.s.d.r.c.RepositoryConfigurationDelegate - Bootstrapping Spring Data JDBC repositories in DEFAULT mode.
2025-07-10 11:42:44 [main] INFO  o.s.d.r.c.RepositoryConfigurationDelegate - Finished Spring Data repository scanning in 15 ms. Found 0 JDBC repository interfaces.
2025-07-10 11:42:45 [main] INFO  o.s.v.b.OptionalValidatorFactoryBean - Failed to set up a Bean Validation provider: jakarta.validation.NoProviderFoundException: Unable to create a Configuration, because no Jakarta Bean Validation provider could be found. Add a provider like Hibernate Validator (RI) to your classpath.
2025-07-10 11:42:46 [main] INFO  com.zaxxer.hikari.HikariDataSource - HikariPool-1 - Starting...
2025-07-10 11:42:46 [main] WARN  c.z.hikari.util.DriverDataSource - Registered driver with driverClassName=oracle.jdbc.driver.OracleDriver was not found, trying direct instantiation.
2025-07-10 11:42:46 [main] INFO  com.zaxxer.hikari.pool.PoolBase - HikariPool-1 - Driver does not support get/set network timeout for connections. (Receiver class oracle.jdbc.driver.T4CConnection does not define or inherit an implementation of the resolved method 'abstract int getNetworkTimeout()' of interface java.sql.Connection.)
2025-07-10 11:42:46 [main] INFO  com.zaxxer.hikari.pool.HikariPool - HikariPool-1 - Added connection oracle.jdbc.driver.T4CConnection@2e4b5da1
2025-07-10 11:42:46 [main] INFO  com.zaxxer.hikari.HikariDataSource - HikariPool-1 - Start completed.
2025-07-10 11:42:46 [main] INFO  o.s.b.a.e.web.EndpointLinksResolver - Exposing 5 endpoints beneath base path '/actuator'
2025-07-10 11:42:46 [main] INFO  g.nic.webapp.ChatBotApplicationTests - Started ChatBotApplicationTests in 3.932 seconds (process running for 4.907)
2025-07-10 11:42:47 [SpringApplicationShutdownHook] INFO  com.zaxxer.hikari.HikariDataSource - HikariPool-1 - Shutdown initiated...
2025-07-10 11:42:47 [SpringApplicationShutdownHook] INFO  com.zaxxer.hikari.HikariDataSource - HikariPool-1 - Shutdown completed.
